<?xml version="1.0" encoding="UTF-8"?>
<testsuite name="com.hackerrank.stocktrade.HttpJsonDynamicUnitTest" time="31.673000" tests="6" errors="0" skipped="0" failures="0">
    <testcase name="Sample Test" classname="com.hackerrank.stocktrade.HttpJsonDynamicUnitTest" time="11.881000"/>
    <testcase name="Additional Test 1" classname="com.hackerrank.stocktrade.HttpJsonDynamicUnitTest" time="0.254000"/>
    <testcase name="Additional Test 2" classname="com.hackerrank.stocktrade.HttpJsonDynamicUnitTest" time="1.577000"/>
    <testcase name="Additional Test 3" classname="com.hackerrank.stocktrade.HttpJsonDynamicUnitTest" time="5.586000"/>
    <testcase name="Additional Test 4" classname="com.hackerrank.stocktrade.HttpJsonDynamicUnitTest" time="5.359000"/>
    <testcase name="Additional Test 5" classname="com.hackerrank.stocktrade.HttpJsonDynamicUnitTest" time="7.016000"/>
</testsuite>
